Traceback (most recent call last):
  File "/home/rosa/Documents/Uni/Masterarbeit/SEADS_SlidingPuzzle/SAC/SEADS-train.py", line 1, in <module>
    from stable_baselines3 import SAC
  File "/home/rosa/.local/lib/python3.10/site-packages/stable_baselines3/__init__.py", line 3, in <module>
    from stable_baselines3.a2c import A2C
  File "/home/rosa/.local/lib/python3.10/site-packages/stable_baselines3/a2c/__init__.py", line 1, in <module>
    from stable_baselines3.a2c.a2c import A2C
  File "/home/rosa/.local/lib/python3.10/site-packages/stable_baselines3/a2c/a2c.py", line 7, in <module>
    from stable_baselines3.common.on_policy_algorithm import OnPolicyAlgorithm
  File "/home/rosa/.local/lib/python3.10/site-packages/stable_baselines3/common/on_policy_algorithm.py", line 9, in <module>
    from stable_baselines3.common.base_class import BaseAlgorithm
  File "/home/rosa/.local/lib/python3.10/site-packages/stable_baselines3/common/base_class.py", line 16, in <module>
    from stable_baselines3.common import utils
  File "/home/rosa/.local/lib/python3.10/site-packages/stable_baselines3/common/utils.py", line 24, in <module>
    from stable_baselines3.common.logger import Logger, configure
  File "/home/rosa/.local/lib/python3.10/site-packages/stable_baselines3/common/logger.py", line 14, in <module>
    from matplotlib import pyplot as plt
  File "/home/rosa/.local/lib/python3.10/site-packages/matplotlib/pyplot.py", line 52, in <module>
    import matplotlib.colorbar
  File "/home/rosa/.local/lib/python3.10/site-packages/matplotlib/colorbar.py", line 19, in <module>
    from matplotlib import _api, cbook, collections, cm, colors, contour, ticker
  File "/home/rosa/.local/lib/python3.10/site-packages/matplotlib/collections.py", line 1892, in <module>
    class QuadMesh(Collection):
  File "/home/rosa/.local/lib/python3.10/site-packages/matplotlib/artist.py", line 150, in __init_subclass__
    cls._update_set_signature_and_docstring()
  File "/home/rosa/.local/lib/python3.10/site-packages/matplotlib/artist.py", line 171, in _update_set_signature_and_docstring
    for prop in ArtistInspector(cls).get_setters()
  File "/home/rosa/.local/lib/python3.10/site-packages/matplotlib/artist.py", line 1535, in get_setters
    or self.is_alias(func)):
KeyboardInterrupt
